[2026-04-28 03:30:03] === Dreaming Lite V2 START (mode=sandbox) ===
[2026-04-28 03:30:03] Loading all memories...
[2026-04-28 03:30:03] Loaded 238 memories in 0.03s
[2026-04-28 03:30:03] [Step 1] TTL expiry check...
[2026-04-28 03:30:03]   Found 0 expired memories
[2026-04-28 03:30:03]   Archive plan: 0 memories in 0.00s
[2026-04-28 03:30:03] [Step 2] Promotion check...
[2026-04-28 03:30:03]   Found 0 memories eligible for promotion
[2026-04-28 03:30:03]   Promotion plan: 0 memories in 0.00s

============================================================
  Dreaming Lite V2 Report  2026-04-28  (SANDBOX)
============================================================
  Total memories:  238
  Archived (TTL):  0
  Promoted:        0
  Elapsed:         0.03s

  Tier Distribution (after):
    short-term     142  ██████████████████████████████████████████████████
    mid-term        64  ██████████████████████████████████████████████████
    long-term       10  ██████████
    archived        22  ██████████████████████
============================================================

[2026-04-28 03:30:03] === Dreaming Lite V2 END (mode=sandbox, 0.03s) ===
